<?xml version="1.0" encoding="UTF-8"?>
<!-- Generated by org.testng.reporters.JUnitReportReporter -->
<testsuite hostname="MacBook-Pro.local" failures="1" tests="1" name="runners.PlaceOrderTestRunner" time="27.370" errors="0" timestamp="2025-04-13T13:13:40 PKT" skipped="0">
  <testcase classname="runners.PlaceOrderTestRunner" name="runScenario" time="27.370">
    <failure message="❌ Not on the Home screen. Element not found." type="java.lang.AssertionError">
      <![CDATA[java.lang.AssertionError: ❌ Not on the Home screen. Element not found.
at org.testng.Assert.fail(Assert.java:111)
at stepdefs.PlaceOrderSteps.iAmOnTheHomeScreen(PlaceOrderSteps.java:34)
at ✽.I am on the Home screen(file:///Users/waleed/eclipse-workspace/AppiumDemoProject/src/test/resources/place_order.feature:25)
]]>
    </failure>
  </testcase> <!-- runScenario -->
</testsuite> <!-- runners.PlaceOrderTestRunner -->
